2024.06.14 21:59:30 INFO  Started: Metals version 1.3.1 in folders '/home/daofaziran/scala/asmr-spider' for client Visual Studio Code 1.90.1.[0m
SLF4J(W): Class path contains multiple SLF4J providers.
SLF4J(W): Found provider [scribe.slf4j.ScribeServiceProvider@2d4f900b]
SLF4J(W): Found provider [ch.qos.logback.classic.spi.LogbackServiceProvider@2cc1a558]
SLF4J(W): See https://www.slf4j.org/codes.html#multiple_bindings for an explanation.
SLF4J(I): Actual provider is of type [scribe.slf4j.ScribeServiceProvider@2d4f900b]
2024.06.14 21:59:30 WARN  Flyway upgrade recommended: H2 2.2.224 is newer than this version of Flyway and support has not been tested. The latest supported version of H2 is 2.2.220.[0m
2024.06.14 21:59:31 INFO  no build target found for /home/daofaziran/scala/asmr-spider/build.sbt. Using presentation compiler with project's scala-library version: 3.3.3[0m
2024.06.14 21:59:30 INFO  no build target found for /home/daofaziran/scala/asmr-spider/build.sbt. Using presentation compiler with project's scala-library version: 3.3.3[0m
2024.06.14 21:59:32 INFO  no build target found for /home/daofaziran/scala/asmr-spider/build.sbt. Using presentation compiler with project's scala-library version: 3.3.3[0m
2024.06.14 21:59:32 INFO  no build target found for /home/daofaziran/scala/asmr-spider/build.sbt. Using presentation compiler with project's scala-library version: 3.3.3[0m
2024.06.14 21:59:32 INFO  no build target found for /home/daofaziran/scala/asmr-spider/build.sbt. Using presentation compiler with project's scala-library version: 3.3.3[0m
2024.06.14 21:59:32 WARN  no build target for: /home/daofaziran/scala/asmr-spider/build.sbt[0m
2024.06.14 21:59:32 WARN  no build target for: /home/daofaziran/scala/asmr-spider/build.sbt[0m
2024.06.14 21:59:32 WARN  no build target for: /home/daofaziran/scala/asmr-spider/build.sbt[0m
2024.06.14 21:59:32 INFO  no build target found for /home/daofaziran/scala/asmr-spider/build.sbt. Using presentation compiler with project's scala-library version: 3.3.3[0m
2024.06.14 21:59:33 INFO  no build target found for /home/daofaziran/scala/asmr-spider/build.sbt. Using presentation compiler with project's scala-library version: 3.3.3[0m
2024.06.14 21:59:38 INFO  running '/home/daofaziran/.local/share/coursier/bin/sbt -Dbloop.export-jar-classifiers=sources bloopInstall'[0m
2024.06.14 21:59:38 INFO  copying runtime jar...[0m
2024.06.14 21:59:39 WARN  no build target for: /home/daofaziran/scala/asmr-spider/project/metals.sbt[0m
2024.06.14 21:59:39 WARN  no build target for: /home/daofaziran/scala/asmr-spider/project/project/metals.sbt[0m
2024.06.14 21:59:39 INFO  no build target found for /home/daofaziran/scala/asmr-spider/project/metals.sbt. Using presentation compiler with project's scala-library version: 3.3.3[0m
2024.06.14 21:59:38 INFO  no build target found for /home/daofaziran/scala/asmr-spider/build.sbt. Using presentation compiler with project's scala-library version: 3.3.3[0m
2024.06.14 21:59:39 INFO  no build target found for /home/daofaziran/scala/asmr-spider/project/project/metals.sbt. Using presentation compiler with project's scala-library version: 3.3.3[0m
Jun 14, 2024 9:59:41 PM org.eclipse.lsp4j.jsonrpc.services.GenericEndpoint notify
INFO: Unsupported notification method: $/setTrace
2024.06.14 21:59:42 ERROR [info] [launcher] getting org.scala-sbt sbt 1.10.0  (this may take some time)...[0m
2024.06.14 22:00:15 ERROR [info] [launcher] getting Scala 2.12.19 (for sbt)...[0m
2024.06.14 22:00:16 INFO  [info] welcome to sbt 1.10.0 (Eclipse Adoptium Java 11.0.23)[0m
2024.06.14 22:00:17 INFO  [info] loading settings for project asmr-spider-build-build-build from metals.sbt ...[0m
2024.06.14 22:00:17 INFO  [info] loading project definition from /home/daofaziran/scala/asmr-spider/project/project/project[0m
2024.06.14 22:00:25 INFO  [info] loading settings for project asmr-spider-build-build from metals.sbt ...[0m
2024.06.14 22:00:25 INFO  [info] loading project definition from /home/daofaziran/scala/asmr-spider/project/project[0m
2024.06.14 22:00:28 INFO  no build target found for /home/daofaziran/scala/asmr-spider/build.sbt. Using presentation compiler with project's scala-library version: 3.3.3[0m
2024.06.14 22:00:28 INFO  no build target found for /home/daofaziran/scala/asmr-spider/build.sbt. Using presentation compiler with project's scala-library version: 3.3.3[0m
2024.06.14 22:00:28 INFO  no build target found for /home/daofaziran/scala/asmr-spider/build.sbt. Using presentation compiler with project's scala-library version: 3.3.3[0m
2024.06.14 22:00:30 INFO  no build target found for /home/daofaziran/scala/asmr-spider/build.sbt. Using presentation compiler with project's scala-library version: 3.3.3[0m
2024.06.14 22:00:31 INFO  no build target found for /home/daofaziran/scala/asmr-spider/build.sbt. Using presentation compiler with project's scala-library version: 3.3.3[0m
2024.06.14 22:00:34 INFO  [success] Generated .bloop/asmr-spider-build-build.json[0m
2024.06.14 22:00:34 INFO  [success] Total time: 9 s, completed Jun 14, 2024, 10:00:34 PM[0m
2024.06.14 22:00:34 INFO  [info] loading settings for project asmr-spider-build from metals.sbt,plugins.sbt ...[0m
2024.06.14 22:00:34 INFO  [info] loading project definition from /home/daofaziran/scala/asmr-spider/project[0m
2024.06.14 22:00:59 INFO  no build target found for /home/daofaziran/scala/asmr-spider/build.sbt. Using presentation compiler with project's scala-library version: 3.3.3[0m
2024.06.14 22:00:59 INFO  no build target found for /home/daofaziran/scala/asmr-spider/build.sbt. Using presentation compiler with project's scala-library version: 3.3.3[0m
2024.06.14 22:01:00 INFO  no build target found for /home/daofaziran/scala/asmr-spider/build.sbt. Using presentation compiler with project's scala-library version: 3.3.3[0m
2024.06.14 22:01:00 INFO  no build target found for /home/daofaziran/scala/asmr-spider/build.sbt. Using presentation compiler with project's scala-library version: 3.3.3[0m
2024.06.14 22:01:00 INFO  no build target found for /home/daofaziran/scala/asmr-spider/build.sbt. Using presentation compiler with project's scala-library version: 3.3.3[0m
Jun 14, 2024 10:01:00 PM org.eclipse.lsp4j.jsonrpc.RemoteEndpoint handleCancellation
WARNING: Unmatched cancel notification for request id 50
2024.06.14 22:01:00 INFO  no build target found for /home/daofaziran/scala/asmr-spider/build.sbt. Using presentation compiler with project's scala-library version: 3.3.3[0m
2024.06.14 22:01:02 INFO  no build target found for /home/daofaziran/scala/asmr-spider/build.sbt. Using presentation compiler with project's scala-library version: 3.3.3[0m
2024.06.14 22:01:02 INFO  no build target found for /home/daofaziran/scala/asmr-spider/build.sbt. Using presentation compiler with project's scala-library version: 3.3.3[0m
2024.06.14 22:01:02 WARN  no build target for: /home/daofaziran/scala/asmr-spider/build.sbt[0m
2024.06.14 22:01:02 INFO  no build target found for /home/daofaziran/scala/asmr-spider/build.sbt. Using presentation compiler with project's scala-library version: 3.3.3[0m
2024.06.14 22:01:02 INFO  no build target found for /home/daofaziran/scala/asmr-spider/build.sbt. Using presentation compiler with project's scala-library version: 3.3.3[0m
2024.06.14 22:01:07 INFO  [success] Generated .bloop/asmr-spider-build.json[0m
2024.06.14 22:01:07 INFO  [success] Total time: 32 s, completed Jun 14, 2024, 10:01:07 PM[0m
2024.06.14 22:01:07 ERROR /home/daofaziran/scala/asmr-spider/build.sbt:9: warning: value SbtMultiJvm in package sbt is deprecated (since 0.6.0): Use MultiJvm instead[0m
2024.06.14 22:01:07 ERROR   .settings(multiJvmSettings: _*)[0m
2024.06.14 22:01:07 ERROR             ^[0m
2024.06.14 22:01:07 ERROR /home/daofaziran/scala/asmr-spider/build.sbt:29: warning: object MultiJvmKeys in object MultiJvmPlugin is deprecated (since 0.6.0): Use MultiJvmPlugin.autoImport instead[0m
2024.06.14 22:01:07 ERROR   .configs(MultiJvm)[0m
2024.06.14 22:01:07 ERROR            ^[0m
2024.06.14 22:01:07 ERROR /home/daofaziran/scala/asmr-spider/build.sbt:29: warning: value SbtMultiJvm in package sbt is deprecated (since 0.6.0): Use MultiJvm instead[0m
2024.06.14 22:01:07 ERROR   .configs(MultiJvm)[0m
2024.06.14 22:01:07 ERROR            ^[0m
2024.06.14 22:01:07 INFO  [info] loading settings for project pekko-sample-cluster-scala from build.sbt ...[0m
2024.06.14 22:01:07 INFO  [info] set current project to pekko-sample-cluster-scala (in build file:/home/daofaziran/scala/asmr-spider/)[0m
2024.06.14 22:01:16 INFO  no build target found for /home/daofaziran/scala/asmr-spider/build.sbt. Using presentation compiler with project's scala-library version: 3.3.3[0m
